<?xml version="1.0" encoding="UTF-8"?>
<testsuite xmlns:xsi="http://www.w3.org/2001/XMLSchema-instance" xsi:noNamespaceSchemaLocation="https://maven.apache.org/surefire/maven-surefire-plugin/xsd/surefire-test-report.xsd" version="3.0.2" name="com.eventticket.auth.AuthControllerTest" time="6.549" tests="4" errors="0" skipped="0" failures="0" flakes="0">
  <properties>
[...]
</properties>
  <testcase name="testRegisterDuplicateEmail" classname="com.eventticket.auth.AuthControllerTest" time="0.727">
    <system-out><![CDATA[20:35:23.877 [main] INFO org.springframework.test.context.support.AnnotationConfigContextLoaderUtils -- Could not detect default configuration classes for test class [com.eventticket.auth.AuthControllerTest]: AuthControllerTest does not declare any static, non-private, non-final, nested classes annotated with @Configuration.
20:35:23.963 [main] INFO org.springframework.boot.test.context.SpringBootTestContextBootstrapper -- Found @SpringBootConfiguration com.eventticket.SaasApplication for test class com.eventticket.auth.AuthControllerTest

  .   ____          _            __ _ _
 /\\ / ___'_ __ _ _(_)_ __  __ _ \ \ \ \
( ( )\___ | '_ | '_| | '_ \/ _` | \ \ \ \
 \\/  ___)| |_)| | | | | || (_| |  ) ) ) )
  '  |____| .__|_| |_|_| |_\__, | / / / /
 =========|_|==============|___/=/_/_/_/

 :: Spring Boot ::               (v3.5.14)

2026-05-14T20:35:24.284-04:00  INFO 8980 --- [saas] [           main] c.eventticket.auth.AuthControllerTest    : Starting AuthControllerTest using Java 21.0.11 with PID 8980 (started by luque in C:\Users\luque\event-ticket-saas)
2026-05-14T20:35:24.285-04:00  INFO 8980 --- [saas] [           main] c.eventticket.auth.AuthControllerTest    : No active profile set, falling back to 1 default profile: "default"
2026-05-14T20:35:25.056-04:00  INFO 8980 --- [saas] [           main] .s.d.r.c.RepositoryConfigurationDelegate : Bootstrapping Spring Data JPA repositories in DEFAULT mode.
2026-05-14T20:35:25.114-04:00  INFO 8980 --- [saas] [           main] .s.d.r.c.RepositoryConfigurationDelegate : Finished Spring Data repository scanning in 43 ms. Found 2 JPA repository interfaces.
2026-05-14T20:35:25.709-04:00  INFO 8980 --- [saas] [           main] com.zaxxer.hikari.HikariDataSource       : HikariPool-1 - Starting...
2026-05-14T20:35:25.878-04:00  INFO 8980 --- [saas] [           main] com.zaxxer.hikari.pool.HikariPool        : HikariPool-1 - Added connection org.postgresql.jdbc.PgConnection@3a5b7d7e
2026-05-14T20:35:25.879-04:00  INFO 8980 --- [saas] [           main] com.zaxxer.hikari.HikariDataSource       : HikariPool-1 - Start completed.
2026-05-14T20:35:25.908-04:00  INFO 8980 --- [saas] [           main] org.flywaydb.core.FlywayExecutor         : Database: jdbc:postgresql://localhost:5433/event_ticket_db (PostgreSQL 16.13)
2026-05-14T20:35:25.965-04:00  INFO 8980 --- [saas] [           main] o.f.core.internal.command.DbValidate     : Successfully validated 3 migrations (execution time 00:00.030s)
2026-05-14T20:35:26.002-04:00  INFO 8980 --- [saas] [           main] o.f.core.internal.command.DbMigrate      : Current version of schema "public": 3
2026-05-14T20:35:26.005-04:00  INFO 8980 --- [saas] [           main] o.f.core.internal.command.DbMigrate      : Schema "public" is up to date. No migration necessary.
2026-05-14T20:35:26.140-04:00  INFO 8980 --- [saas] [           main] o.hibernate.jpa.internal.util.LogHelper  : HHH000204: Processing PersistenceUnitInfo [name: default]
2026-05-14T20:35:26.197-04:00  INFO 8980 --- [saas] [           main] org.hibernate.Version                    : HHH000412: Hibernate ORM core version 6.6.49.Final
2026-05-14T20:35:26.234-04:00  INFO 8980 --- [saas] [           main] o.h.c.internal.RegionFactoryInitiator    : HHH000026: Second-level cache disabled
2026-05-14T20:35:26.424-04:00  INFO 8980 --- [saas] [           main] o.s.o.j.p.SpringPersistenceUnitInfo      : No LoadTimeWeaver setup: ignoring JPA class transformer
2026-05-14T20:35:26.458-04:00  WARN 8980 --- [saas] [           main] org.hibernate.orm.deprecation            : HHH90000025: PostgreSQLDialect does not need to be specified explicitly using 'hibernate.dialect' (remove the property setting and it will be selected by default)
2026-05-14T20:35:26.469-04:00  INFO 8980 --- [saas] [           main] org.hibernate.orm.connections.pooling    : HHH10001005: Database info:
	Database JDBC URL [Connecting through datasource 'HikariDataSource (HikariPool-1)']
	Database driver: undefined/unknown
	Database version: 16.13
	Autocommit mode: undefined/unknown
	Isolation level: undefined/unknown
	Minimum pool size: undefined/unknown
	Maximum pool size: undefined/unknown
2026-05-14T20:35:27.095-04:00  INFO 8980 --- [saas] [           main] o.h.e.t.j.p.i.JtaPlatformInitiator       : HHH000489: No JTA platform available (set 'hibernate.transaction.jta.platform' to enable JTA platform integration)
2026-05-14T20:35:27.097-04:00  INFO 8980 --- [saas] [           main] j.LocalContainerEntityManagerFactoryBean : Initialized JPA EntityManagerFactory for persistence unit 'default'
2026-05-14T20:35:27.467-04:00  WARN 8980 --- [saas] [           main] JpaBaseConfiguration$JpaWebConfiguration : spring.jpa.open-in-view is enabled by default. Therefore, database queries may be performed during view rendering. Explicitly configure spring.jpa.open-in-view to disable this warning
2026-05-14T20:35:27.752-04:00  INFO 8980 --- [saas] [           main] o.s.b.a.e.web.EndpointLinksResolver      : Exposing 1 endpoint beneath base path '/actuator'
2026-05-14T20:35:27.784-04:00  WARN 8980 --- [saas] [           main] .s.s.UserDetailsServiceAutoConfiguration : 

Using generated security password: a9ec0823-df47-426a-9769-1378cbc102f3

This generated password is for development use only. Your security configuration must be updated before running your application in production.

2026-05-14T20:35:27.796-04:00  INFO 8980 --- [saas] [           main] r$InitializeUserDetailsManagerConfigurer : Global AuthenticationManager configured with UserDetailsService bean with name inMemoryUserDetailsManager
2026-05-14T20:35:28.181-04:00  INFO 8980 --- [saas] [           main] o.s.b.t.m.w.SpringBootMockServletContext : Initializing Spring TestDispatcherServlet ''
2026-05-14T20:35:28.182-04:00  INFO 8980 --- [saas] [           main] o.s.t.web.servlet.TestDispatcherServlet  : Initializing Servlet ''
2026-05-14T20:35:28.183-04:00  INFO 8980 --- [saas] [           main] o.s.t.web.servlet.TestDispatcherServlet  : Completed initialization in 1 ms
2026-05-14T20:35:28.231-04:00  INFO 8980 --- [saas] [           main] c.eventticket.auth.AuthControllerTest    : Started AuthControllerTest in 4.151 seconds (process running for 4.823)
]]></system-out>
    <system-err><![CDATA[Mockito is currently self-attaching to enable the inline-mock-maker. This will no longer work in future releases of the JDK. Please add Mockito as an agent to your build as described in Mockito's documentation: https://javadoc.io/doc/org.mockito/mockito-core/latest/org.mockito/org/mockito/Mockito.html#0.3
WARNING: A Java agent has been loaded dynamically (C:\Users\luque\.m2\repository\net\bytebuddy\byte-buddy-agent\1.17.8\byte-buddy-agent-1.17.8.jar)
WARNING: If a serviceability tool is in use, please run with -XX:+EnableDynamicAgentLoading to hide this warning
WARNING: If a serviceability tool is not in use, please run with -Djdk.instrument.traceUsage for more information
WARNING: Dynamic loading of agents will be disallowed by default in a future release
]]></system-err>
  </testcase>
  <testcase name="testRegisterSuccessfully" classname="com.eventticket.auth.AuthControllerTest" time="0.34"/>
  <testcase name="testLoginInvalidPassword" classname="com.eventticket.auth.AuthControllerTest" time="0.468"/>
  <testcase name="testLoginSuccessfully" classname="com.eventticket.auth.AuthControllerTest" time="0.468"/>
</testsuite>